Load "STM_OpenMV\\STM_OpenMV.axf" 
Set JLink Project File to "f:\keilProject\STM_OpenMV\MDK-ARM\JLinkSettings.ini"* JLink Info: Device "STM32F407ZG" selected.

JLink info:
------------
DLL: V6.46 , compiled May 23 2019 17:49:56
Firmware: J-Link ARM V8 compiled Nov 28 2014 13:44:46
Hardware: V8.00
S/N : 17935099 
Feature(s) : RDI,FlashDL,FlashBP,JFlash 

* JLink Info: Found SW-DP with ID 0x2BA01477
* JLink Info: Active read protected STM32 device detected.
This could cause problems during flash download.
Note: Unsecuring will trigger a mass erase of the internal flash.
* JLink Info: Executing default behavior previously saved in the registry.
* JLink Info: Device will be unsecured now.
* JLink Info: Found SW-DP with ID 0x2BA01477
* JLink Info: Scanning AP map to find all available APs
* JLink Info: AP[1]: Stopped AP scan as end of AP map has been reached
* JLink Info: AP[0]: AHB-AP (IDR: 0x24770011)
* JLink Info: Iterating through AP map to find AHB-AP to use
* JLink Info: AP[0]: Core found
* JLink Info: AP[0]: AHB-AP ROM base: 0xE00FF000
* JLink Info: CPUID register: 0x410FC241. Implementer code: 0x41 (ARM)
* JLink Info: Found Cortex-M4 r0p1, Little endian.
* JLink Info: FPUnit: 6 code (BP) slots and 2 literal slots
* JLink Info: CoreSight components:
* JLink Info: ROMTbl[0] @ E00FF000
* JLink Info: ROMTbl[0][0]: E000E000, CID: B105E00D, PID: 000BB00C SCS-M7
* JLink Info: ROMTbl[0][1]: E0001000, CID: B105E00D, PID: 003BB002 DWT
* JLink Info: ROMTbl[0][2]: E0002000, CID: B105E00D, PID: 002BB003 FPB
* JLink Info: ROMTbl[0][3]: E0000000, CID: B105E00D, PID: 003BB001 ITM
* JLink Info: ROMTbl[0][4]: E0040000, CID: B105900D, PID: 000BB9A1 TPIU
* JLink Info: ROMTbl[0][5]: E0041000, CID: B105900D, PID: 000BB925 ETM
ROMTableAddr = 0xE00FF000
* JLink Info: Reset: Halt core after reset via DEMCR.VC_CORERESET.
* JLink Info: Reset: Reset device via AIRCR.SYSRESETREQ.

Target info:
------------
Device: STM32F407ZGTx
VTarget = 3.300V
State of Pins: TCK: 0, TDI: 1, TDO: 1, TMS: 1, TRES: 1, TRST: 1
Hardware-Breakpoints: 6
Software-Breakpoints: 8192
Watchpoints:          4
JTAG speed: 4000 kHz

Erase Failed!Error: Flash Download failed  -  "Cortex-M4"
Flash Load finished at 21:29:32
